cabal: Entering directory '/tmp/cabal-tmp-5464/unordered-containers-0.2.10.0'
Configuring unordered-containers-0.2.10.0...
Building unordered-containers-0.2.10.0...
Preprocessing library unordered-containers-0.2.10.0...
[ 1 of 10] Compiling Data.HashMap.UnsafeShift ( Data/HashMap/UnsafeShift.hs, dist/dist-sandbox-d89b340b/build/Data/HashMap/UnsafeShift.o )
[ 2 of 10] Compiling Data.HashMap.Unsafe ( Data/HashMap/Unsafe.hs, dist/dist-sandbox-d89b340b/build/Data/HashMap/Unsafe.o )
[ 3 of 10] Compiling Data.HashMap.List ( Data/HashMap/List.hs, dist/dist-sandbox-d89b340b/build/Data/HashMap/List.o )
[ 4 of 10] Compiling Data.HashMap.Array ( Data/HashMap/Array.hs, dist/dist-sandbox-d89b340b/build/Data/HashMap/Array.o )
[ 5 of 10] Compiling Data.HashMap.Base ( Data/HashMap/Base.hs, dist/dist-sandbox-d89b340b/build/Data/HashMap/Base.o )
[ 6 of 10] Compiling Data.HashSet.Base ( Data/HashSet/Base.hs, dist/dist-sandbox-d89b340b/build/Data/HashSet/Base.o )
[ 7 of 10] Compiling Data.HashMap.Lazy ( Data/HashMap/Lazy.hs, dist/dist-sandbox-d89b340b/build/Data/HashMap/Lazy.o )
[ 8 of 10] Compiling Data.HashSet     ( Data/HashSet.hs, dist/dist-sandbox-d89b340b/build/Data/HashSet.o )
[ 9 of 10] Compiling Data.HashMap.Strict.Base ( Data/HashMap/Strict/Base.hs, dist/dist-sandbox-d89b340b/build/Data/HashMap/Strict/Base.o )
[10 of 10] Compiling Data.HashMap.Strict ( Data/HashMap/Strict.hs, dist/dist-sandbox-d89b340b/build/Data/HashMap/Strict.o )
Creating package registration file:
/tmp/pkgConf-unordered-containers-0.2.109398195822001100545.0
Installing library in
/home/agi/jampazen/.cabal-sandbox/lib/x86_64-linux-ghc-8.0.2/unordered-containers-0.2.10.0-20GsLEjselE1o0oRsP1LZx
Registering unordered-containers-0.2.10.0...
cabal: Leaving directory '/tmp/cabal-tmp-5464/unordered-containers-0.2.10.0'
